<?xml version="1.0" encoding="UTF-8"?>
<!-- Generated by org.testng.reporters.JUnitXMLReporter -->
<testsuite ignored="0" hostname="LAPTOP-OFUGT8EJ" failures="0" tests="4" name="Default test" time="0.045" errors="0" timestamp="2023-05-28T14:06:04 IST">
  <testcase classname="Intro.day4" name="carloan" time="0.004"/>
  <testcase classname="Intro.day4" name="carloan" time="0.001"/>
  <testcase classname="Intro.day4" name="carloan" time="0.001"/>
  <testcase classname="Intro.day4" name="personalloan" time="0.001"/>
</testsuite> <!-- Default test -->
