<?xml version="1.0" encoding="UTF-8"?>
<!-- Generated by org.testng.reporters.JUnitXMLReporter -->
<testsuite ignored="0" hostname="LAPTOP-OFUGT8EJ" failures="0" tests="3" name="Default test" time="12.631" errors="0" timestamp="2023-05-28T16:58:45 IST">
  <testcase classname="phaneeshkashyap.ExtentReport.ExtentReportDemo" name="initialDemo" time="3.317"/>
  <testcase classname="phaneeshkashyap.ExtentReport.ExtentReportDemo" name="initialDemo1" time="2.026"/>
  <testcase classname="phaneeshkashyap.ExtentReport.ExtentReportDemo" name="initialDemo2" time="7.057"/>
</testsuite> <!-- Default test -->
