<?xml version="1.0" encoding="UTF-8"?>
<!-- Generated by org.testng.reporters.JUnitXMLReporter -->
<testsuite ignored="0" hostname="LAPTOP-OFUGT8EJ" failures="0" tests="3" name="Default test" time="15.71" errors="0" timestamp="2024-03-22T16:00:06 IST">
  <testcase classname="phaneeshkashyap.ExtentReport.ExtentReportDemo" name="initialDemo" time="4.86"/>
  <testcase classname="phaneeshkashyap.ExtentReport.ExtentReportDemo" name="initialDemo1" time="2.734"/>
  <testcase classname="phaneeshkashyap.ExtentReport.ExtentReportDemo" name="initialDemo2" time="7.838"/>
</testsuite> <!-- Default test -->
