<?xml version="1.0" encoding="UTF-8"?>
<!-- Generated by org.testng.reporters.JUnitXMLReporter -->
<testsuite ignored="0" hostname="LAPTOP-OFUGT8EJ" failures="0" tests="5" name="Login Test" time="0.008" errors="0" timestamp="2023-05-23T15:52:16 IST">
  <testcase classname="Intro.day1" name="f1" time="0.001"/>
  <testcase classname="Intro.day1" name="f2" time="0.0"/>
  <testcase classname="Intro.day1" name="f3" time="0.001"/>
  <testcase classname="Intro.day2" name="f1" time="0.0"/>
  <testcase classname="Intro.day2" name="f2" time="0.0"/>
</testsuite> <!-- Login Test -->
