<?xml version="1.0" encoding="UTF-8"?>
<!-- Generated by org.testng.reporters.JUnitXMLReporter -->
<testsuite ignored="0" hostname="LAPTOP-OFUGT8EJ" failures="0" tests="10" name="T001_Run_full_Package" time="0.048" errors="0" timestamp="2023-05-23T17:11:16 IST">
  <testcase classname="Intro.day1" name="f1" time="0.007"/>
  <testcase classname="Intro.day1" name="f2" time="0.0"/>
  <testcase classname="Intro.day1" name="f3" time="0.001"/>
  <testcase classname="Intro.day2" name="f1" time="0.001"/>
  <testcase classname="Intro.day2" name="f2" time="0.001"/>
  <testcase classname="Intro.day3" name="api" time="0.001"/>
  <testcase classname="Intro.day3" name="mobile" time="0.0"/>
  <testcase classname="Intro.day3" name="web" time="0.0"/>
  <testcase classname="Intro.day4" name="carloan" time="0.001"/>
  <testcase classname="Intro.day4" name="personalloan" time="0.0"/>
</testsuite> <!-- T001_Run_full_Package -->
