<?xml version="1.0" encoding="UTF-8"?>
<!-- Generated by org.testng.reporters.JUnitXMLReporter -->
<testsuite ignored="0" hostname="LAPTOP-OFUGT8EJ" failures="0" tests="5" name="T002_Login_To_All_Apps_Test" time="0.009" errors="0" timestamp="2024-03-22T14:08:14 IST">
  <testcase classname="Intro.day1" name="f1" time="0.002"/>
  <testcase classname="Intro.day1" name="f2" time="0.001"/>
  <testcase classname="Intro.day1" name="f3" time="0.001"/>
  <testcase classname="Intro.day2" name="f1" time="0.001"/>
  <testcase classname="Intro.day2" name="f2" time="0.001"/>
</testsuite> <!-- T002_Login_To_All_Apps_Test -->
