<?xml version="1.0" encoding="UTF-8"?>
<!-- Generated by org.testng.reporters.JUnitXMLReporter -->
<testsuite ignored="3" hostname="LAPTOP-OFUGT8EJ" failures="1" tests="6" name="T006_WebLogin_Apply_Personal_Loan" time="0.053" errors="0" timestamp="2024-03-22T14:26:31 IST">
  <testcase classname="Intro.day5" name="web" time="0.009"/>
  <testcase classname="Intro.day5" name="server" time="0.001"/>
  <testcase classname="Intro.day5" name="mobile" time="0.003">
    <failure type="java.lang.AssertionError" message="expected [true] but found [false]">
      <![CDATA[java.lang.AssertionError: expected [true] but found [false]
at Intro.day5.mobile(day5.java:41)
at java.base/java.util.ArrayList.forEach(ArrayList.java:1511)
... Removed 31 stack frames]]>
    </failure>
  </testcase> <!-- mobile -->
  <testcase classname="Intro.day6" name="carloan" time="0.002"/>
  <testcase classname="Intro.day6" name="carloan" time="0.0"/>
  <testcase classname="Intro.day6" name="carloan" time="0.001"/>
  <testcase classname="Intro.day5" name="backend" time="0.0">
    <ignored/>
  </testcase> <!-- backend -->
  <testcase classname="Intro.day5" name="api" time="0.0">
    <ignored/>
  </testcase> <!-- api -->
  <testcase classname="Intro.day6" name="personalloan" time="0.0">
    <ignored/>
  </testcase> <!-- personalloan -->
</testsuite> <!-- T006_WebLogin_Apply_Personal_Loan -->
