<?xml version="1.0" encoding="UTF-8"?>
<!-- Generated by org.testng.reporters.JUnitXMLReporter -->
<testsuite ignored="3" hostname="LAPTOP-OFUGT8EJ" failures="0" tests="6" name="T007_MobileLogin_Applyboth_Personal_Car_Loan" time="0.014" errors="0" timestamp="2024-03-22T14:21:29 IST">
  <testcase classname="Intro.day3" name="mobile" time="0.0"/>
  <testcase classname="Intro.day3" name="backend" time="0.001"/>
  <testcase classname="Intro.day4" name="carloan" time="0.001"/>
  <testcase classname="Intro.day4" name="carloan" time="0.001"/>
  <testcase classname="Intro.day4" name="carloan" time="0.0"/>
  <testcase classname="Intro.day4" name="personalloan" time="0.001"/>
  <testcase classname="Intro.day3" name="server" time="0.0">
    <ignored/>
  </testcase> <!-- server -->
  <testcase classname="Intro.day3" name="web" time="0.0">
    <ignored/>
  </testcase> <!-- web -->
  <testcase classname="Intro.day3" name="api" time="0.0">
    <ignored/>
  </testcase> <!-- api -->
</testsuite> <!-- T007_MobileLogin_Applyboth_Personal_Car_Loan -->
