<?xml version="1.0" encoding="UTF-8"?>
<!-- Generated by org.testng.reporters.JUnitXMLReporter -->
<testsuite ignored="5" hostname="LAPTOP-OFUGT8EJ" failures="0" tests="4" name="T008_ApiLogin_Apply_Car_Loan" time="0.006" errors="0" timestamp="2023-05-23T20:19:26 IST">
  <testcase classname="Intro.day3" name="api" time="0.0"/>
  <testcase classname="Intro.day4" name="carloan" time="0.0"/>
  <testcase classname="Intro.day4" name="carloan" time="0.0"/>
  <testcase classname="Intro.day4" name="carloan" time="0.001"/>
  <testcase classname="Intro.day3" name="server" time="0.0">
    <ignored/>
  </testcase> <!-- server -->
  <testcase classname="Intro.day3" name="web" time="0.0">
    <ignored/>
  </testcase> <!-- web -->
  <testcase classname="Intro.day3" name="mobile" time="0.0">
    <ignored/>
  </testcase> <!-- mobile -->
  <testcase classname="Intro.day3" name="backend" time="0.0">
    <ignored/>
  </testcase> <!-- backend -->
  <testcase classname="Intro.day4" name="personalloan" time="0.0">
    <ignored/>
  </testcase> <!-- personalloan -->
</testsuite> <!-- T008_ApiLogin_Apply_Car_Loan -->
