<?xml version="1.0" encoding="UTF-8"?>
<testng-results ignored="0" total="2" passed="2" failed="0" skipped="0">
  <reporter-output>
  </reporter-output>
  <suite started-at="2023-06-02T00:46:04 IST" name="Default suite" finished-at="2023-06-02T00:46:22 IST" duration-ms="17923">
    <groups>
      <group name="cucumber">
        <method signature="AbstractTestNGCucumberTests.runScenario(io.cucumber.testng.PickleWrapper,io.cucumber.testng.FeatureWrapper)[pri:0, instance:cucumber.TestNGtestRunner@305ffe9e]" name="runScenario" class="io.cucumber.testng.AbstractTestNGCucumberTests"/>
      </group> <!-- cucumber -->
    </groups>
    <test started-at="2023-06-02T00:46:04 IST" name="Default test" finished-at="2023-06-02T00:46:22 IST" duration-ms="17923">
      <class name="cucumber.TestNGtestRunner">
        <test-method is-config="true" signature="setUpClass(org.testng.ITestContext)[pri:0, instance:cucumber.TestNGtestRunner@305ffe9e]" started-at="2023-06-02T00:46:04 IST" name="setUpClass" finished-at="2023-06-02T00:46:05 IST" duration-ms="449" status="PASS">
          <params>
            <param index="0">
              <value>
                <![CDATA[org.testng.TestRunner@60b5e80d]]>
              </value>
            </param>
          </params>
          <reporter-output>
          </reporter-output>
        </test-method> <!-- setUpClass -->
        <test-method signature="runScenario(io.cucumber.testng.PickleWrapper,io.cucumber.testng.FeatureWrapper)[pri:0, instance:cucumber.TestNGtestRunner@305ffe9e]" started-at="2023-06-02T00:46:05 IST" name="runScenario" description="Runs Cucumber Scenarios" data-provider="scenarios" finished-at="2023-06-02T00:46:18 IST" duration-ms="13709" status="PASS">
          <params>
            <param index="0">
              <value>
                <![CDATA["Create and submit a Purchase Order"]]>
              </value>
            </param>
            <param index="1">
              <value>
                <![CDATA["Create a Purchase Order from e-commerce site"]]>
              </value>
            </param>
          </params>
          <reporter-output>
          </reporter-output>
        </test-method> <!-- runScenario -->
        <test-method signature="runScenario(io.cucumber.testng.PickleWrapper,io.cucumber.testng.FeatureWrapper)[pri:0, instance:cucumber.TestNGtestRunner@305ffe9e]" started-at="2023-06-02T00:46:18 IST" name="runScenario" description="Runs Cucumber Scenarios" data-provider="scenarios" finished-at="2023-06-02T00:46:22 IST" duration-ms="3691" status="PASS">
          <params>
            <param index="0">
              <value>
                <![CDATA["Title of your scenario outline"]]>
              </value>
            </param>
            <param index="1">
              <value>
                <![CDATA["Error Validations"]]>
              </value>
            </param>
          </params>
          <reporter-output>
          </reporter-output>
        </test-method> <!-- runScenario -->
        <test-method is-config="true" signature="tearDownClass()[pri:0, instance:cucumber.TestNGtestRunner@305ffe9e]" started-at="2023-06-02T00:46:22 IST" name="tearDownClass" finished-at="2023-06-02T00:46:22 IST" duration-ms="34" status="PASS">
          <reporter-output>
          </reporter-output>
        </test-method> <!-- tearDownClass -->
      </class> <!-- cucumber.TestNGtestRunner -->
    </test> <!-- Default test -->
  </suite> <!-- Default suite -->
</testng-results>
