<?xml version="1.0" encoding="UTF-8"?>
<!-- Generated by org.testng.reporters.JUnitXMLReporter -->
<testsuite ignored="0" hostname="LAPTOP-OFUGT8EJ" failures="0" tests="3" name="T001_Shopping_Order_Creation" time="40.972" errors="0" timestamp="2023-06-01T19:19:16 IST">
  <testcase classname="phaneeshkashyap.Tests.T001_E2E_e_Shopping_CreateOrder_And_Validate" name="createOrder" time="9.369"/>
  <testcase classname="phaneeshkashyap.Tests.T001_E2E_e_Shopping_CreateOrder_And_Validate" name="createOrder" time="9.24"/>
  <testcase classname="phaneeshkashyap.Tests.T001_E2E_e_Shopping_CreateOrder_And_Validate" name="verifyOrder" time="0.612"/>
</testsuite> <!-- T001_Shopping_Order_Creation -->
