<?xml version="1.0" encoding="UTF-8"?>
<!-- Generated by org.testng.reporters.JUnitXMLReporter -->
<testsuite ignored="0" hostname="LAPTOP-OFUGT8EJ" failures="0" tests="2" name="T002_Error Validation Tests" time="27.502" errors="0" timestamp="2024-03-22T16:06:04 IST">
  <testcase classname="phaneeshkashyap.Tests.T002_Login_Error_Validation" name="loginErrorValidation" time="0.466"/>
  <testcase classname="phaneeshkashyap.Tests.T002_Login_Error_Validation" name="productErrorValidation" time="12.507"/>
</testsuite> <!-- T002_Error Validation Tests -->
