<?xml version="1.0" encoding="UTF-8"?>
<!-- Generated by org.testng.reporters.JUnitXMLReporter -->
<testsuite ignored="0" hostname="LAPTOP-OFUGT8EJ" failures="0" tests="2" name="T002_Error Validation Tests" time="10.029" errors="0" timestamp="2023-05-31T19:51:51 IST">
  <testcase classname="phaneeshkashyap.Tests.T002_Login_Error_Validation" name="loginErrorValidation" time="0.0">
    <skipped/>
  </testcase> <!-- loginErrorValidation -->
  <testcase classname="phaneeshkashyap.Tests.T002_Login_Error_Validation" name="productErrorValidation" time="0.0">
    <skipped/>
  </testcase> <!-- productErrorValidation -->
</testsuite> <!-- T002_Error Validation Tests -->
