<?xml version="1.0" encoding="UTF-8"?>
<testng-results ignored="0" total="1" passed="1" failed="0" skipped="0">
  <reporter-output>
  </reporter-output>
  <suite started-at="2023-06-02T09:07:07 IST" name="Surefire suite" finished-at="2023-06-02T09:07:23 IST" duration-ms="16032">
    <groups>
      <group name="cucumber">
        <method signature="AbstractTestNGCucumberTests.runScenario(io.cucumber.testng.PickleWrapper,io.cucumber.testng.FeatureWrapper)[pri:0, instance:cucumber.TestNGtestRunner@6fdbe764]" name="runScenario" class="io.cucumber.testng.AbstractTestNGCucumberTests"/>
      </group> <!-- cucumber -->
    </groups>
    <test started-at="2023-06-02T09:07:07 IST" name="Surefire test" finished-at="2023-06-02T09:07:23 IST" duration-ms="16032">
      <class name="cucumber.TestNGtestRunner">
        <test-method is-config="true" signature="setUpClass(org.testng.ITestContext)[pri:0, instance:cucumber.TestNGtestRunner@6fdbe764]" started-at="2023-06-02T09:07:07 IST" name="setUpClass" finished-at="2023-06-02T09:07:07 IST" duration-ms="486" status="PASS">
          <params>
            <param index="0">
              <value>
                <![CDATA[org.testng.TestRunner@67b61834]]>
              </value>
            </param>
          </params>
          <reporter-output>
          </reporter-output>
        </test-method> <!-- setUpClass -->
        <test-method signature="runScenario(io.cucumber.testng.PickleWrapper,io.cucumber.testng.FeatureWrapper)[pri:0, instance:cucumber.TestNGtestRunner@6fdbe764]" started-at="2023-06-02T09:07:07 IST" name="runScenario" description="Runs Cucumber Scenarios" data-provider="scenarios" finished-at="2023-06-02T09:07:23 IST" duration-ms="15474" status="PASS">
          <params>
            <param index="0">
              <value>
                <![CDATA["Create and submit a Purchase Order"]]>
              </value>
            </param>
            <param index="1">
              <value>
                <![CDATA["Create a Purchase Order from e-commerce site"]]>
              </value>
            </param>
          </params>
          <reporter-output>
          </reporter-output>
        </test-method> <!-- runScenario -->
        <test-method is-config="true" signature="tearDownClass()[pri:0, instance:cucumber.TestNGtestRunner@6fdbe764]" started-at="2023-06-02T09:07:23 IST" name="tearDownClass" finished-at="2023-06-02T09:07:23 IST" duration-ms="37" status="PASS">
          <reporter-output>
          </reporter-output>
        </test-method> <!-- tearDownClass -->
      </class> <!-- cucumber.TestNGtestRunner -->
    </test> <!-- Surefire test -->
  </suite> <!-- Surefire suite -->
</testng-results>
