<?xml version="1.0" encoding="UTF-8"?>
<!-- Generated by org.testng.reporters.JUnitXMLReporter -->
<testsuite ignored="0" hostname="LAPTOP-OFUGT8EJ" failures="0" tests="3" name="Default test" time="0.425" errors="0" timestamp="2023-06-02T19:52:49 IST">
  <testcase classname="phaneeshkashyap.ExcelDataProvider.dataProvider" name="testCaseData" time="0.005"/>
  <testcase classname="phaneeshkashyap.ExcelDataProvider.dataProvider" name="testCaseData" time="0.001"/>
  <testcase classname="phaneeshkashyap.ExcelDataProvider.dataProvider" name="testCaseData" time="0.001"/>
</testsuite> <!-- Default test -->
