<?xml version="1.0" encoding="UTF-8"?>
<testng-results ignored="0" total="3" passed="3" failed="0" skipped="0">
  <reporter-output>
  </reporter-output>
  <suite started-at="2024-03-22T15:59:50 IST" name="Default suite" finished-at="2024-03-22T16:00:06 IST" duration-ms="15710">
    <groups>
    </groups>
    <test started-at="2024-03-22T15:59:50 IST" name="Default test" finished-at="2024-03-22T16:00:06 IST" duration-ms="15710">
      <class name="phaneeshkashyap.ExtentReport.ExtentReportDemo">
        <test-method is-config="true" signature="config()[pri:0, instance:phaneeshkashyap.ExtentReport.ExtentReportDemo@23c30a20]" started-at="2024-03-22T15:59:50 IST" name="config" finished-at="2024-03-22T15:59:51 IST" duration-ms="243" status="PASS">
          <reporter-output>
          </reporter-output>
        </test-method> <!-- config -->
        <test-method signature="initialDemo()[pri:0, instance:phaneeshkashyap.ExtentReport.ExtentReportDemo@23c30a20]" started-at="2024-03-22T15:59:51 IST" name="initialDemo" finished-at="2024-03-22T15:59:56 IST" duration-ms="4860" status="PASS">
          <reporter-output>
          </reporter-output>
        </test-method> <!-- initialDemo -->
        <test-method signature="initialDemo1()[pri:0, instance:phaneeshkashyap.ExtentReport.ExtentReportDemo@23c30a20]" started-at="2024-03-22T15:59:56 IST" name="initialDemo1" finished-at="2024-03-22T15:59:58 IST" duration-ms="2734" status="PASS">
          <reporter-output>
          </reporter-output>
        </test-method> <!-- initialDemo1 -->
        <test-method signature="initialDemo2()[pri:0, instance:phaneeshkashyap.ExtentReport.ExtentReportDemo@23c30a20]" started-at="2024-03-22T15:59:58 IST" name="initialDemo2" finished-at="2024-03-22T16:00:06 IST" duration-ms="7838" status="PASS">
          <reporter-output>
          </reporter-output>
        </test-method> <!-- initialDemo2 -->
      </class> <!-- phaneeshkashyap.ExtentReport.ExtentReportDemo -->
    </test> <!-- Default test -->
  </suite> <!-- Default suite -->
</testng-results>
