<?xml version="1.0" encoding="UTF-8"?>
<testng-results ignored="0" total="3" passed="3" failed="0" skipped="0">
  <reporter-output>
  </reporter-output>
  <suite started-at="2023-05-28T16:58:32 IST" name="Default suite" finished-at="2023-05-28T16:58:45 IST" duration-ms="12631">
    <groups>
    </groups>
    <test started-at="2023-05-28T16:58:32 IST" name="Default test" finished-at="2023-05-28T16:58:45 IST" duration-ms="12631">
      <class name="phaneeshkashyap.ExtentReport.ExtentReportDemo">
        <test-method is-config="true" signature="config()[pri:0, instance:phaneeshkashyap.ExtentReport.ExtentReportDemo@52719fb6]" started-at="2023-05-28T16:58:32 IST" name="config" finished-at="2023-05-28T16:58:33 IST" duration-ms="197" status="PASS">
          <reporter-output>
          </reporter-output>
        </test-method> <!-- config -->
        <test-method signature="initialDemo()[pri:0, instance:phaneeshkashyap.ExtentReport.ExtentReportDemo@52719fb6]" started-at="2023-05-28T16:58:33 IST" name="initialDemo" finished-at="2023-05-28T16:58:36 IST" duration-ms="3317" status="PASS">
          <reporter-output>
          </reporter-output>
        </test-method> <!-- initialDemo -->
        <test-method signature="initialDemo1()[pri:0, instance:phaneeshkashyap.ExtentReport.ExtentReportDemo@52719fb6]" started-at="2023-05-28T16:58:36 IST" name="initialDemo1" finished-at="2023-05-28T16:58:38 IST" duration-ms="2026" status="PASS">
          <reporter-output>
          </reporter-output>
        </test-method> <!-- initialDemo1 -->
        <test-method signature="initialDemo2()[pri:0, instance:phaneeshkashyap.ExtentReport.ExtentReportDemo@52719fb6]" started-at="2023-05-28T16:58:38 IST" name="initialDemo2" finished-at="2023-05-28T16:58:45 IST" duration-ms="7057" status="PASS">
          <reporter-output>
          </reporter-output>
        </test-method> <!-- initialDemo2 -->
      </class> <!-- phaneeshkashyap.ExtentReport.ExtentReportDemo -->
    </test> <!-- Default test -->
  </suite> <!-- Default suite -->
</testng-results>
