<?xml version="1.0" encoding="UTF-8"?>
<testng-results ignored="0" total="3" passed="3" failed="0" skipped="0">
  <reporter-output>
  </reporter-output>
  <suite started-at="2023-06-02T19:52:49 IST" name="Default suite" finished-at="2023-06-02T19:52:49 IST" duration-ms="425">
    <groups>
    </groups>
    <test started-at="2023-06-02T19:52:49 IST" name="Default test" finished-at="2023-06-02T19:52:49 IST" duration-ms="425">
      <class name="phaneeshkashyap.ExcelDataProvider.dataProvider">
        <test-method signature="testCaseData(java.lang.String,java.lang.String,java.lang.String)[pri:0, instance:phaneeshkashyap.ExcelDataProvider.dataProvider@59af0466]" started-at="2023-06-02T19:52:49 IST" name="testCaseData" data-provider="driveTest" finished-at="2023-06-02T19:52:49 IST" duration-ms="5" status="PASS">
          <params>
            <param index="0">
              <value>
                <![CDATA[Name]]>
              </value>
            </param>
            <param index="1">
              <value>
                <![CDATA[Greeting]]>
              </value>
            </param>
            <param index="2">
              <value>
                <![CDATA[ID]]>
              </value>
            </param>
          </params>
          <reporter-output>
          </reporter-output>
        </test-method> <!-- testCaseData -->
        <test-method signature="testCaseData(java.lang.String,java.lang.String,java.lang.String)[pri:0, instance:phaneeshkashyap.ExcelDataProvider.dataProvider@59af0466]" started-at="2023-06-02T19:52:49 IST" name="testCaseData" data-provider="driveTest" finished-at="2023-06-02T19:52:49 IST" duration-ms="1" status="PASS">
          <params>
            <param index="0">
              <value>
                <![CDATA[Phaneesh]]>
              </value>
            </param>
            <param index="1">
              <value>
                <![CDATA[Guten Morngen]]>
              </value>
            </param>
            <param index="2">
              <value>
                <![CDATA[1111]]>
              </value>
            </param>
          </params>
          <reporter-output>
          </reporter-output>
        </test-method> <!-- testCaseData -->
        <test-method signature="testCaseData(java.lang.String,java.lang.String,java.lang.String)[pri:0, instance:phaneeshkashyap.ExcelDataProvider.dataProvider@59af0466]" started-at="2023-06-02T19:52:49 IST" name="testCaseData" data-provider="driveTest" finished-at="2023-06-02T19:52:49 IST" duration-ms="1" status="PASS">
          <params>
            <param index="0">
              <value>
                <![CDATA[Ashwini]]>
              </value>
            </param>
            <param index="1">
              <value>
                <![CDATA[Good Morning]]>
              </value>
            </param>
            <param index="2">
              <value>
                <![CDATA[2222]]>
              </value>
            </param>
          </params>
          <reporter-output>
          </reporter-output>
        </test-method> <!-- testCaseData -->
      </class> <!-- phaneeshkashyap.ExcelDataProvider.dataProvider -->
    </test> <!-- Default test -->
  </suite> <!-- Default suite -->
</testng-results>
