<?xml version="1.0" encoding="UTF-8"?>
<!-- Generated by org.testng.reporters.JUnitXMLReporter -->
<testsuite ignored="0" hostname="LAPTOP-OFUGT8EJ" failures="0" tests="3" name="T002_Error Validation Tests" time="41.137" errors="0" timestamp="2023-06-01T22:46:45 IST">
  <testcase classname="phaneeshkashyap.Tests.T002_Login_Error_Validation" name="loginErrorValidation" time="6.019">
    <skipped/>
  </testcase> <!-- loginErrorValidation -->
  <testcase classname="phaneeshkashyap.Tests.T002_Login_Error_Validation" name="loginErrorValidation" time="1.018"/>
  <testcase classname="phaneeshkashyap.Tests.T002_Login_Error_Validation" name="productErrorValidation" time="8.437"/>
</testsuite> <!-- T002_Error Validation Tests -->
