<?xml version="1.0" encoding="UTF-8"?>
<testng-results ignored="0" total="1" passed="1" failed="0" skipped="0">
  <reporter-output>
  </reporter-output>
  <suite started-at="2024-03-22T13:47:32 IST" name="Default suite" finished-at="2024-03-22T13:47:40 IST" duration-ms="7356">
    <groups>
    </groups>
    <test started-at="2024-03-22T13:47:32 IST" name="Default test" finished-at="2024-03-22T13:47:40 IST" duration-ms="7356">
      <class name="JStream_LamdaExepression.FilterWebtables">
        <test-method signature="test2()[pri:0, instance:JStream_LamdaExepression.FilterWebtables@2c35e847]" started-at="2024-03-22T13:47:32 IST" name="test2" finished-at="2024-03-22T13:47:40 IST" duration-ms="7325" status="PASS">
          <reporter-output>
          </reporter-output>
        </test-method> <!-- test2 -->
      </class> <!-- JStream_LamdaExepression.FilterWebtables -->
    </test> <!-- Default test -->
  </suite> <!-- Default suite -->
</testng-results>
