<?xml version="1.0" encoding="UTF-8"?>
<!-- Generated by org.testng.reporters.JUnitXMLReporter -->
<testsuite ignored="0" hostname="LAPTOP-OFUGT8EJ" failures="0" tests="3" name="T001_Shopping_Order_Creation" time="46.49" errors="0" timestamp="2023-06-01T21:25:46 IST">
  <testcase classname="phaneeshkashyap.Tests.T001_E2E_e_Shopping_CreateOrder_And_Validate" name="createOrder" time="9.296"/>
  <testcase classname="phaneeshkashyap.Tests.T001_E2E_e_Shopping_CreateOrder_And_Validate" name="createOrder" time="9.207"/>
  <testcase classname="phaneeshkashyap.Tests.T001_E2E_e_Shopping_CreateOrder_And_Validate" name="verifyOrder" time="0.551"/>
</testsuite> <!-- T001_Shopping_Order_Creation -->
