<?xml version="1.0" encoding="UTF-8"?>
<!-- Generated by org.testng.reporters.JUnitXMLReporter -->
<testsuite ignored="0" hostname="LAPTOP-OFUGT8EJ" failures="1" tests="3" name="T002_Error Validation Tests" time="38.235" errors="0" timestamp="2023-06-01T21:26:24 IST">
  <testcase classname="phaneeshkashyap.Tests.T002_Login_Error_Validation" name="loginErrorValidation" time="1.001">
    <skipped/>
  </testcase> <!-- loginErrorValidation -->
  <testcase classname="phaneeshkashyap.Tests.T002_Login_Error_Validation" name="loginErrorValidation" time="0.401">
    <failure type="org.junit.ComparisonFailure" message="expected:&amp;lt;Incorrect email []password.&amp;gt; but was:&amp;lt;Incorrect email [or ]password.&amp;gt;">
      <![CDATA[org.junit.ComparisonFailure: expected:<Incorrect email []password.> but was:<Incorrect email [or ]password.>
at org.junit.Assert.assertEquals(Assert.java:115)
at org.junit.Assert.assertEquals(Assert.java:144)
at phaneeshkashyap.Tests.T002_Login_Error_Validation.loginErrorValidation(T002_Login_Error_Validation.java:37)
at java.base/java.util.ArrayList.forEach(ArrayList.java:1541)
... Removed 31 stack frames]]>
    </failure>
  </testcase> <!-- loginErrorValidation -->
  <testcase classname="phaneeshkashyap.Tests.T002_Login_Error_Validation" name="productErrorValidation" time="8.361"/>
</testsuite> <!-- T002_Error Validation Tests -->
